<?xml version="1.0" encoding="UTF-8"?>
<testsuite xmlns:xsi="http://www.w3.org/2001/XMLSchema-instance" xsi:noNamespaceSchemaLocation="https://maven.apache.org/surefire/maven-surefire-plugin/xsd/surefire-test-report.xsd" version="3.0.2" name="com.gildedrose.GildedRoseTest" time="0.068" tests="13" errors="0" skipped="0" failures="0">
  <properties>
[...]
</properties>
  <testcase name="backstage_plus3_when_5_or_less" classname="com.gildedrose.GildedRoseTest" time="0.011">
    <system-out><![CDATA[name,    sellIn,   quality
Backstage passes to a TAFKAL80ETC concert, 5, 25
]]></system-out>
  </testcase>
  <testcase name="sulfuras_never_changes_and_quality_stays_80" classname="com.gildedrose.GildedRoseTest" time="0.003">
    <system-out><![CDATA[name,    sellIn,   quality
Sulfuras, Hand of Ragnaros, 0, 80
name,    sellIn,   quality
Sulfuras, Hand of Ragnaros, 0, 80
name,    sellIn,   quality
Sulfuras, Hand of Ragnaros, 0, 80
]]></system-out>
  </testcase>
  <testcase name="normalItem_degrades_by_1_before_sell_date" classname="com.gildedrose.GildedRoseTest" time="0.002">
    <system-out><![CDATA[name,    sellIn,   quality
Normal Item, 5, 10
]]></system-out>
  </testcase>
  <testcase name="agedBrie_increases_and_capped_at_50" classname="com.gildedrose.GildedRoseTest" time="0.003">
    <system-out><![CDATA[name,    sellIn,   quality
Aged Brie, 2, 49
name,    sellIn,   quality
Aged Brie, 1, 50
]]></system-out>
  </testcase>
  <testcase name="quality_never_above_50_except_sulfuras" classname="com.gildedrose.GildedRoseTest" time="0.002">
    <system-out><![CDATA[name,    sellIn,   quality
Aged Brie, 1, 50
Sulfuras, Hand of Ragnaros, 5, 80
name,    sellIn,   quality
Aged Brie, 0, 50
Sulfuras, Hand of Ragnaros, 5, 80
]]></system-out>
  </testcase>
  <testcase name="backstage_increases_as_concert_approaches" classname="com.gildedrose.GildedRoseTest" time="0.003">
    <system-out><![CDATA[name,    sellIn,   quality
Backstage passes to a TAFKAL80ETC concert, 15, 20
]]></system-out>
  </testcase>
  <testcase name="normalItem_degrades_by_2_after_sell_date" classname="com.gildedrose.GildedRoseTest" time="0.002">
    <system-out><![CDATA[name,    sellIn,   quality
Normal Item, 0, 10
]]></system-out>
  </testcase>
  <testcase name="backstage_plus2_when_10_or_less" classname="com.gildedrose.GildedRoseTest" time="0.002">
    <system-out><![CDATA[name,    sellIn,   quality
Backstage passes to a TAFKAL80ETC concert, 10, 25
]]></system-out>
  </testcase>
  <testcase name="conjured_degrades_twice_as_fast_before_sell_date" classname="com.gildedrose.GildedRoseTest" time="0.005">
    <system-out><![CDATA[name,    sellIn,   quality
Conjured Mana Cake, 3, 10
]]></system-out>
  </testcase>
  <testcase name="quality_never_negative" classname="com.gildedrose.GildedRoseTest" time="0.004">
    <system-out><![CDATA[name,    sellIn,   quality
Normal Item, 0, 0
name,    sellIn,   quality
Normal Item, -1, 0
name,    sellIn,   quality
Normal Item, -2, 0
]]></system-out>
  </testcase>
  <testcase name="backstage_drops_to_zero_after_concert" classname="com.gildedrose.GildedRoseTest" time="0.002">
    <system-out><![CDATA[name,    sellIn,   quality
Backstage passes to a TAFKAL80ETC concert, 0, 40
]]></system-out>
  </testcase>
  <testcase name="conjured_degrades_four_after_sell_date" classname="com.gildedrose.GildedRoseTest" time="0.003">
    <system-out><![CDATA[name,    sellIn,   quality
Conjured Mana Cake, 0, 10
]]></system-out>
  </testcase>
  <testcase name="agedBrie_increases_twice_after_sell_date" classname="com.gildedrose.GildedRoseTest" time="0.003">
    <system-out><![CDATA[name,    sellIn,   quality
Aged Brie, 0, 10
]]></system-out>
  </testcase>
</testsuite>